<?xml version="1.0" encoding="UTF-8"?>
<testng-results ignored="0" total="2" passed="2" failed="0" skipped="0">
  <reporter-output>
  </reporter-output>
  <suite started-at="2024-02-28T13:12:38 IST" name="Default suite" finished-at="2024-02-28T13:13:29 IST" duration-ms="51108">
    <groups>
    </groups>
    <test started-at="2024-02-28T13:12:38 IST" name="Default test" finished-at="2024-02-28T13:13:29 IST" duration-ms="51108">
      <class name="android.Install">
        <test-method is-config="true" signature="startServer()[pri:0, instance:android.Install@45099dd3]" started-at="2024-02-28T13:12:38 IST" name="startServer" finished-at="2024-02-28T13:12:57 IST" duration-ms="18459" status="PASS">
          <reporter-output>
          </reporter-output>
        </test-method> <!-- startServer -->
        <test-method signature="setCApabilities()[pri:1, instance:android.Install@45099dd3]" started-at="2024-02-28T13:12:57 IST" name="setCApabilities" finished-at="2024-02-28T13:13:14 IST" duration-ms="17496" status="PASS">
          <reporter-output>
          </reporter-output>
        </test-method> <!-- setCApabilities -->
        <test-method signature="perforfActions()[pri:2, instance:android.Install@45099dd3]" started-at="2024-02-28T13:13:14 IST" name="perforfActions" finished-at="2024-02-28T13:13:29 IST" duration-ms="14983" status="PASS">
          <reporter-output>
          </reporter-output>
        </test-method> <!-- perforfActions -->
      </class> <!-- android.Install -->
    </test> <!-- Default test -->
  </suite> <!-- Default suite -->
</testng-results>
